>
			2020-05-18 05:01:54.175 %Sp LAPTOP-P7RN3F8A
			--- [LApi.App.main()] c.R.R.App                                : Starting App on LAPTOP-P7RN3F8A with PID 24020 (C:\Users\tidly\eclipse-workspace\RLRLApi\target\classes started by tidly in C:\Users\tidly\eclipse-workspace\RLRLApi)
>
			2020-05-18 05:01:54.205 %Sp LAPTOP-P7RN3F8A
			--- [LApi.App.main()] ationConfigEmbeddedWebApplicationContext : Refreshing org.springframework.boot.context.embedded.AnnotationConfigEmbeddedWebApplicationContext@50d9eab7: startup date [Mon May 18 13:01:54 MST 2020]; root of context hierarchy
>
			2020-05-18 05:01:54.957 %Sp LAPTOP-P7RN3F8A
			--- [LApi.App.main()] o.s.b.f.s.DefaultListableBeanFactory     : Overriding bean definition for bean 'beanNameViewResolver': replacing [Root bean: class [null]; scope=; abstract=false; lazyInit=false; autowireMode=3; dependencyCheck=0; autowireCandidate=true; primary=false; factoryBeanName=org.springframework.boot.autoconfigure.web.ErrorMvcAutoConfiguration$WhitelabelErrorViewConfiguration; factoryMethodName=beanNameViewResolver; initMethodName=null; destroyMethodName=(inferred); defined in class path resource [org/springframework/boot/autoconfigure/web/ErrorMvcAutoConfiguration$WhitelabelErrorViewConfiguration.class]] with [Root bean: class [null]; scope=; abstract=false; lazyInit=false; autowireMode=3; dependencyCheck=0; autowireCandidate=true; primary=false; factoryBeanName=org.springframework.boot.autoconfigure.web.WebMvcAutoConfiguration$WebMvcAutoConfigurationAdapter; factoryMethodName=beanNameViewResolver; initMethodName=null; destroyMethodName=(inferred); defined in class path resource [org/springframework/boot/autoconfigure/web/WebMvcAutoConfiguration$WebMvcAutoConfigurationAdapter.class]]
>
			2020-05-18 05:01:55.502 %Sp LAPTOP-P7RN3F8A
			--- [LApi.App.main()] o.h.v.i.u.Version                        : HV000001: Hibernate Validator 5.1.3.Final
>
			2020-05-18 05:01:55.700 %Sp LAPTOP-P7RN3F8A
			--- [LApi.App.main()] trationDelegate$BeanPostProcessorChecker : Bean 'org.springframework.transaction.annotation.ProxyTransactionManagementConfiguration' of type [class org.springframework.transaction.annotation.ProxyTransactionManagementConfiguration$$EnhancerBySpringCGLIB$$94ec286] is not eligible for getting processed by all BeanPostProcessors (for example: not eligible for auto-proxying)
>
			2020-05-18 05:01:55.731 %Sp LAPTOP-P7RN3F8A
			--- [LApi.App.main()] trationDelegate$BeanPostProcessorChecker : Bean 'transactionAttributeSource' of type [class org.springframework.transaction.annotation.AnnotationTransactionAttributeSource] is not eligible for getting processed by all BeanPostProcessors (for example: not eligible for auto-proxying)
>
			2020-05-18 05:01:55.744 %Sp LAPTOP-P7RN3F8A
			--- [LApi.App.main()] trationDelegate$BeanPostProcessorChecker : Bean 'transactionInterceptor' of type [class org.springframework.transaction.interceptor.TransactionInterceptor] is not eligible for getting processed by all BeanPostProcessors (for example: not eligible for auto-proxying)
>
			2020-05-18 05:01:55.751 %Sp LAPTOP-P7RN3F8A
			--- [LApi.App.main()] trationDelegate$BeanPostProcessorChecker : Bean 'org.springframework.transaction.config.internalTransactionAdvisor' of type [class org.springframework.transaction.interceptor.BeanFactoryTransactionAttributeSourceAdvisor] is not eligible for getting processed by all BeanPostProcessors (for example: not eligible for auto-proxying)
>
			2020-05-18 05:01:56.507 %Sp LAPTOP-P7RN3F8A
			--- [LApi.App.main()] s.b.c.e.t.TomcatEmbeddedServletContainer : Tomcat initialized with port(s): 8080 (http)
>
			2020-05-18 05:01:56.706 %Sp LAPTOP-P7RN3F8A
			--- [LApi.App.main()] o.a.c.c.StandardService                  : Starting service Tomcat
>
			2020-05-18 05:01:56.718 %Sp LAPTOP-P7RN3F8A
			--- [LApi.App.main()] o.a.c.c.StandardEngine                   : Starting Servlet Engine: Apache Tomcat/8.0.26
>
			2020-05-18 05:01:56.824 %Sp LAPTOP-P7RN3F8A
			--- [ost-startStop-1] o.a.c.c.C.[.[.[/]                        : Initializing Spring embedded WebApplicationContext
>
			2020-05-18 05:01:56.827 %Sp LAPTOP-P7RN3F8A
			--- [ost-startStop-1] o.s.w.c.ContextLoader                    : Root WebApplicationContext: initialization completed in 2624 ms
>
			2020-05-18 05:01:57.546 %Sp LAPTOP-P7RN3F8A
			--- [ost-startStop-1] o.s.b.c.e.ServletRegistrationBean        : Mapping servlet: 'dispatcherServlet' to [/]
>
			2020-05-18 05:01:57.552 %Sp LAPTOP-P7RN3F8A
			--- [ost-startStop-1] o.s.b.c.e.FilterRegistrationBean         : Mapping filter: 'characterEncodingFilter' to: [/*]
>
			2020-05-18 05:01:57.553 %Sp LAPTOP-P7RN3F8A
			--- [ost-startStop-1] o.s.b.c.e.FilterRegistrationBean         : Mapping filter: 'hiddenHttpMethodFilter' to: [/*]
>
			2020-05-18 05:01:57.798 %Sp LAPTOP-P7RN3F8A
			--- [LApi.App.main()] j.LocalContainerEntityManagerFactoryBean : Building JPA container EntityManagerFactory for persistence unit 'default'
>
			2020-05-18 05:01:57.817 %Sp LAPTOP-P7RN3F8A
			--- [LApi.App.main()] o.h.j.i.u.LogHelper                      : HHH000204: Processing PersistenceUnitInfo [
	name: default
	...]
>
			2020-05-18 05:01:57.915 %Sp LAPTOP-P7RN3F8A
			--- [LApi.App.main()] o.h.Version                              : HHH000412: Hibernate Core {4.3.11.Final}
>
			2020-05-18 05:01:57.918 %Sp LAPTOP-P7RN3F8A
			--- [LApi.App.main()] o.h.c.Environment                        : HHH000206: hibernate.properties not found
>
			2020-05-18 05:01:57.922 %Sp LAPTOP-P7RN3F8A
			--- [LApi.App.main()] o.h.c.Environment                        : HHH000021: Bytecode provider name : javassist
>
			2020-05-18 05:01:58.100 %Sp LAPTOP-P7RN3F8A
			--- [LApi.App.main()] o.h.a.c.Version                          : HCANN000001: Hibernate Commons Annotations {4.0.5.Final}
>
			2020-05-18 05:01:58.498 %Sp LAPTOP-P7RN3F8A
			--- [LApi.App.main()] o.h.d.Dialect                            : HHH000400: Using dialect: org.hibernate.dialect.MySQL5Dialect
>
			2020-05-18 05:01:58.663 %Sp LAPTOP-P7RN3F8A
			--- [LApi.App.main()] o.h.h.i.a.ASTQueryTranslatorFactory      : HHH000397: Using ASTQueryTranslatorFactory
>
			2020-05-18 05:01:59.076 %Sp LAPTOP-P7RN3F8A
			--- [LApi.App.main()] o.h.t.h.SchemaExport                     : HHH000227: Running hbm2ddl schema export
>
			2020-05-18 05:01:59.083 %Sp LAPTOP-P7RN3F8A
			--- [LApi.App.main()] o.h.t.h.SchemaExport                     : HHH000389: Unsuccessful: alter table order drop foreign key FK_mh40cn97o5svvy5c32ws9tnvp
>
			2020-05-18 05:01:59.084 %Sp LAPTOP-P7RN3F8A
			--- [LApi.App.main()] o.h.t.h.SchemaExport                     : You have an error in your SQL syntax; check the manual that corresponds to your MySQL server version for the right syntax to use near 'order drop foreign key FK_mh40cn97o5svvy5c32ws9tnvp' at line 1
>
			2020-05-18 05:01:59.094 %Sp LAPTOP-P7RN3F8A
			--- [LApi.App.main()] o.h.t.h.SchemaExport                     : HHH000389: Unsuccessful: alter table product drop foreign key FK_1r18de9qj6xvbrd77mfij7wo9
>
			2020-05-18 05:01:59.096 %Sp LAPTOP-P7RN3F8A
			--- [LApi.App.main()] o.h.t.h.SchemaExport                     : Table 'rlrl_api.product' doesn't exist
>
			2020-05-18 05:01:59.099 %Sp LAPTOP-P7RN3F8A
			--- [LApi.App.main()] o.h.t.h.SchemaExport                     : HHH000389: Unsuccessful: alter table product_order drop foreign key FK_5uw5nxqovigv7mf1gmbos1rl8
>
			2020-05-18 05:01:59.100 %Sp LAPTOP-P7RN3F8A
			--- [LApi.App.main()] o.h.t.h.SchemaExport                     : Table 'rlrl_api.product_order' doesn't exist
>
			2020-05-18 05:01:59.106 %Sp LAPTOP-P7RN3F8A
			--- [LApi.App.main()] o.h.t.h.SchemaExport                     : HHH000389: Unsuccessful: alter table product_order drop foreign key FK_sf5yp37b7qt63qqoq25f82lpu
>
			2020-05-18 05:01:59.108 %Sp LAPTOP-P7RN3F8A
			--- [LApi.App.main()] o.h.t.h.SchemaExport                     : Table 'rlrl_api.product_order' doesn't exist
>
			2020-05-18 05:01:59.116 %Sp LAPTOP-P7RN3F8A
			--- [LApi.App.main()] o.h.t.h.SchemaExport                     : HHH000389: Unsuccessful: drop table if exists order
>
			2020-05-18 05:01:59.118 %Sp LAPTOP-P7RN3F8A
			--- [LApi.App.main()] o.h.t.h.SchemaExport                     : You have an error in your SQL syntax; check the manual that corresponds to your MySQL server version for the right syntax to use near 'order' at line 1
>
			2020-05-18 05:01:59.198 %Sp LAPTOP-P7RN3F8A
			--- [LApi.App.main()] o.h.t.h.SchemaExport                     : HHH000389: Unsuccessful: create table order (id bigint not null auto_increment, delivered tinyblob, estimated_delivery tinyblob, guest_order bit not null, invoice_amount double precision not null, ordered tinyblob, status integer, user_id bigint, primary key (id))
>
			2020-05-18 05:01:59.201 %Sp LAPTOP-P7RN3F8A
			--- [LApi.App.main()] o.h.t.h.SchemaExport                     : You have an error in your SQL syntax; check the manual that corresponds to your MySQL server version for the right syntax to use near 'order (id bigint not null auto_increment, delivered tinyblob, estimated_delivery' at line 1
>
			2020-05-18 05:01:59.420 %Sp LAPTOP-P7RN3F8A
			--- [LApi.App.main()] o.h.t.h.SchemaExport                     : HHH000389: Unsuccessful: alter table order add constraint FK_mh40cn97o5svvy5c32ws9tnvp foreign key (user_id) references user (id)
>
			2020-05-18 05:01:59.422 %Sp LAPTOP-P7RN3F8A
			--- [LApi.App.main()] o.h.t.h.SchemaExport                     : You have an error in your SQL syntax; check the manual that corresponds to your MySQL server version for the right syntax to use near 'order add constraint FK_mh40cn97o5svvy5c32ws9tnvp foreign key (user_id) referenc' at line 1
>
			2020-05-18 05:01:59.518 %Sp LAPTOP-P7RN3F8A
			--- [LApi.App.main()] o.h.t.h.SchemaExport                     : HHH000389: Unsuccessful: alter table product_order add constraint FK_5uw5nxqovigv7mf1gmbos1rl8 foreign key (product_id) references order (id)
>
			2020-05-18 05:01:59.519 %Sp LAPTOP-P7RN3F8A
			--- [LApi.App.main()] o.h.t.h.SchemaExport                     : You have an error in your SQL syntax; check the manual that corresponds to your MySQL server version for the right syntax to use near 'order (id)' at line 1
>
			2020-05-18 05:01:59.614 %Sp LAPTOP-P7RN3F8A
			--- [LApi.App.main()] o.h.t.h.SchemaExport                     : HHH000230: Schema export complete
>
			2020-05-18 05:02:00.331 %Sp LAPTOP-P7RN3F8A
			--- [LApi.App.main()] s.w.s.m.m.a.RequestMappingHandlerAdapter : Looking for @ControllerAdvice: org.springframework.boot.context.embedded.AnnotationConfigEmbeddedWebApplicationContext@50d9eab7: startup date [Mon May 18 13:01:54 MST 2020]; root of context hierarchy
>
			2020-05-18 05:02:00.416 %Sp LAPTOP-P7RN3F8A
			--- [LApi.App.main()] s.w.s.m.m.a.RequestMappingHandlerMapping : Mapped "{[/error]}" onto public org.springframework.http.ResponseEntity<java.util.Map<java.lang.String, java.lang.Object>> org.springframework.boot.autoconfigure.web.BasicErrorController.error(javax.servlet.http.HttpServletRequest)
>
			2020-05-18 05:02:00.419 %Sp LAPTOP-P7RN3F8A
			--- [LApi.App.main()] s.w.s.m.m.a.RequestMappingHandlerMapping : Mapped "{[/error],produces=[text/html]}" onto public org.springframework.web.servlet.ModelAndView org.springframework.boot.autoconfigure.web.BasicErrorController.errorHtml(javax.servlet.http.HttpServletRequest)
>
			2020-05-18 05:02:00.445 %Sp LAPTOP-P7RN3F8A
			--- [LApi.App.main()] o.s.w.s.h.SimpleUrlHandlerMapping        : Mapped URL path [/webjars/**] onto handler of type [class org.springframework.web.servlet.resource.ResourceHttpRequestHandler]
>
			2020-05-18 05:02:00.447 %Sp LAPTOP-P7RN3F8A
			--- [LApi.App.main()] o.s.w.s.h.SimpleUrlHandlerMapping        : Mapped URL path [/**] onto handler of type [class org.springframework.web.servlet.resource.ResourceHttpRequestHandler]
>
			2020-05-18 05:02:00.510 %Sp LAPTOP-P7RN3F8A
			--- [LApi.App.main()] o.s.w.s.h.SimpleUrlHandlerMapping        : Mapped URL path [/**/favicon.ico] onto handler of type [class org.springframework.web.servlet.resource.ResourceHttpRequestHandler]
>
			2020-05-18 05:02:00.741 %Sp LAPTOP-P7RN3F8A
			--- [LApi.App.main()] o.s.j.e.a.AnnotationMBeanExporter        : Registering beans for JMX exposure on startup
>
			2020-05-18 05:02:00.776 %Sp LAPTOP-P7RN3F8A
			--- [LApi.App.main()] o.a.c.h.Http11NioProtocol                : Initializing ProtocolHandler ["http-nio-8080"]
>
			2020-05-18 05:02:00.784 %Sp LAPTOP-P7RN3F8A
			--- [LApi.App.main()] o.a.c.h.Http11NioProtocol                : Starting ProtocolHandler ["http-nio-8080"]
>
			2020-05-18 05:02:00.800 %Sp LAPTOP-P7RN3F8A
			--- [LApi.App.main()] o.a.t.u.n.NioSelectorPool                : Using a shared selector for servlet write/read
>
			2020-05-18 05:02:00.814 %Sp LAPTOP-P7RN3F8A
			--- [LApi.App.main()] s.b.c.e.t.TomcatEmbeddedServletContainer : Tomcat started on port(s): 8080 (http)
>
			2020-05-18 05:02:00.817 %Sp LAPTOP-P7RN3F8A
			--- [LApi.App.main()] c.R.R.App                                : Started App in 6.887 seconds (JVM running for 10.793)
>
			2020-05-18 05:06:48.248 %Sp LAPTOP-P7RN3F8A
			--- [LApi.App.main()] c.R.R.App                                : Starting App on LAPTOP-P7RN3F8A with PID 11192 (C:\Users\tidly\eclipse-workspace\RLRLApi\target\classes started by tidly in C:\Users\tidly\eclipse-workspace\RLRLApi)
>
			2020-05-18 05:06:48.300 %Sp LAPTOP-P7RN3F8A
			--- [LApi.App.main()] ationConfigEmbeddedWebApplicationContext : Refreshing org.springframework.boot.context.embedded.AnnotationConfigEmbeddedWebApplicationContext@4ef6ba91: startup date [Mon May 18 13:06:48 MST 2020]; root of context hierarchy
>
			2020-05-18 05:06:48.915 %Sp LAPTOP-P7RN3F8A
			--- [LApi.App.main()] o.s.b.f.s.DefaultListableBeanFactory     : Overriding bean definition for bean 'beanNameViewResolver': replacing [Root bean: class [null]; scope=; abstract=false; lazyInit=false; autowireMode=3; dependencyCheck=0; autowireCandidate=true; primary=false; factoryBeanName=org.springframework.boot.autoconfigure.web.ErrorMvcAutoConfiguration$WhitelabelErrorViewConfiguration; factoryMethodName=beanNameViewResolver; initMethodName=null; destroyMethodName=(inferred); defined in class path resource [org/springframework/boot/autoconfigure/web/ErrorMvcAutoConfiguration$WhitelabelErrorViewConfiguration.class]] with [Root bean: class [null]; scope=; abstract=false; lazyInit=false; autowireMode=3; dependencyCheck=0; autowireCandidate=true; primary=false; factoryBeanName=org.springframework.boot.autoconfigure.web.WebMvcAutoConfiguration$WebMvcAutoConfigurationAdapter; factoryMethodName=beanNameViewResolver; initMethodName=null; destroyMethodName=(inferred); defined in class path resource [org/springframework/boot/autoconfigure/web/WebMvcAutoConfiguration$WebMvcAutoConfigurationAdapter.class]]
>
			2020-05-18 05:06:49.453 %Sp LAPTOP-P7RN3F8A
			--- [LApi.App.main()] o.h.v.i.u.Version                        : HV000001: Hibernate Validator 5.1.3.Final
>
			2020-05-18 05:06:49.659 %Sp LAPTOP-P7RN3F8A
			--- [LApi.App.main()] trationDelegate$BeanPostProcessorChecker : Bean 'org.springframework.transaction.annotation.ProxyTransactionManagementConfiguration' of type [class org.springframework.transaction.annotation.ProxyTransactionManagementConfiguration$$EnhancerBySpringCGLIB$$862fd071] is not eligible for getting processed by all BeanPostProcessors (for example: not eligible for auto-proxying)
>
			2020-05-18 05:06:49.693 %Sp LAPTOP-P7RN3F8A
			--- [LApi.App.main()] trationDelegate$BeanPostProcessorChecker : Bean 'transactionAttributeSource' of type [class org.springframework.transaction.annotation.AnnotationTransactionAttributeSource] is not eligible for getting processed by all BeanPostProcessors (for example: not eligible for auto-proxying)
>
			2020-05-18 05:06:49.717 %Sp LAPTOP-P7RN3F8A
			--- [LApi.App.main()] trationDelegate$BeanPostProcessorChecker : Bean 'transactionInterceptor' of type [class org.springframework.transaction.interceptor.TransactionInterceptor] is not eligible for getting processed by all BeanPostProcessors (for example: not eligible for auto-proxying)
>
			2020-05-18 05:06:49.726 %Sp LAPTOP-P7RN3F8A
			--- [LApi.App.main()] trationDelegate$BeanPostProcessorChecker : Bean 'org.springframework.transaction.config.internalTransactionAdvisor' of type [class org.springframework.transaction.interceptor.BeanFactoryTransactionAttributeSourceAdvisor] is not eligible for getting processed by all BeanPostProcessors (for example: not eligible for auto-proxying)
>
			2020-05-18 05:06:50.250 %Sp LAPTOP-P7RN3F8A
			--- [LApi.App.main()] s.b.c.e.t.TomcatEmbeddedServletContainer : Tomcat initialized with port(s): 8080 (http)
>
			2020-05-18 05:06:50.423 %Sp LAPTOP-P7RN3F8A
			--- [LApi.App.main()] o.a.c.c.StandardService                  : Starting service Tomcat
>
			2020-05-18 05:06:50.429 %Sp LAPTOP-P7RN3F8A
			--- [LApi.App.main()] o.a.c.c.StandardEngine                   : Starting Servlet Engine: Apache Tomcat/8.0.26
>
			2020-05-18 05:06:50.531 %Sp LAPTOP-P7RN3F8A
			--- [ost-startStop-1] o.a.c.c.C.[.[.[/]                        : Initializing Spring embedded WebApplicationContext
>
			2020-05-18 05:06:50.533 %Sp LAPTOP-P7RN3F8A
			--- [ost-startStop-1] o.s.w.c.ContextLoader                    : Root WebApplicationContext: initialization completed in 2236 ms
>
			2020-05-18 05:06:51.124 %Sp LAPTOP-P7RN3F8A
			--- [ost-startStop-1] o.s.b.c.e.ServletRegistrationBean        : Mapping servlet: 'dispatcherServlet' to [/]
>
			2020-05-18 05:06:51.130 %Sp LAPTOP-P7RN3F8A
			--- [ost-startStop-1] o.s.b.c.e.FilterRegistrationBean         : Mapping filter: 'characterEncodingFilter' to: [/*]
>
			2020-05-18 05:06:51.132 %Sp LAPTOP-P7RN3F8A
			--- [ost-startStop-1] o.s.b.c.e.FilterRegistrationBean         : Mapping filter: 'hiddenHttpMethodFilter' to: [/*]
>
			2020-05-18 05:06:51.369 %Sp LAPTOP-P7RN3F8A
			--- [LApi.App.main()] j.LocalContainerEntityManagerFactoryBean : Building JPA container EntityManagerFactory for persistence unit 'default'
>
			2020-05-18 05:06:51.387 %Sp LAPTOP-P7RN3F8A
			--- [LApi.App.main()] o.h.j.i.u.LogHelper                      : HHH000204: Processing PersistenceUnitInfo [
	name: default
	...]
>
			2020-05-18 05:06:51.488 %Sp LAPTOP-P7RN3F8A
			--- [LApi.App.main()] o.h.Version                              : HHH000412: Hibernate Core {4.3.11.Final}
>
			2020-05-18 05:06:51.493 %Sp LAPTOP-P7RN3F8A
			--- [LApi.App.main()] o.h.c.Environment                        : HHH000206: hibernate.properties not found
>
			2020-05-18 05:06:51.496 %Sp LAPTOP-P7RN3F8A
			--- [LApi.App.main()] o.h.c.Environment                        : HHH000021: Bytecode provider name : javassist
>
			2020-05-18 05:06:51.671 %Sp LAPTOP-P7RN3F8A
			--- [LApi.App.main()] o.h.a.c.Version                          : HCANN000001: Hibernate Commons Annotations {4.0.5.Final}
>
			2020-05-18 05:06:51.964 %Sp LAPTOP-P7RN3F8A
			--- [LApi.App.main()] o.h.d.Dialect                            : HHH000400: Using dialect: org.hibernate.dialect.MySQL5Dialect
>
			2020-05-18 05:06:52.112 %Sp LAPTOP-P7RN3F8A
			--- [LApi.App.main()] o.h.h.i.a.ASTQueryTranslatorFactory      : HHH000397: Using ASTQueryTranslatorFactory
>
			2020-05-18 05:06:52.501 %Sp LAPTOP-P7RN3F8A
			--- [LApi.App.main()] o.h.t.h.SchemaExport                     : HHH000227: Running hbm2ddl schema export
>
			2020-05-18 05:06:52.510 %Sp LAPTOP-P7RN3F8A
			--- [LApi.App.main()] o.h.t.h.SchemaExport                     : HHH000389: Unsuccessful: alter table `order` drop foreign key FK_mh40cn97o5svvy5c32ws9tnvp
>
			2020-05-18 05:06:52.512 %Sp LAPTOP-P7RN3F8A
			--- [LApi.App.main()] o.h.t.h.SchemaExport                     : Table 'rlrl_api.order' doesn't exist
>
			2020-05-18 05:06:52.544 %Sp LAPTOP-P7RN3F8A
			--- [LApi.App.main()] o.h.t.h.SchemaExport                     : HHH000389: Unsuccessful: alter table product_order drop foreign key FK_5uw5nxqovigv7mf1gmbos1rl8
>
			2020-05-18 05:06:52.545 %Sp LAPTOP-P7RN3F8A
			--- [LApi.App.main()] o.h.t.h.SchemaExport                     : Can't DROP 'FK_5uw5nxqovigv7mf1gmbos1rl8'; check that column/key exists
>
			2020-05-18 05:06:53.270 %Sp LAPTOP-P7RN3F8A
			--- [LApi.App.main()] o.h.t.h.SchemaExport                     : HHH000230: Schema export complete
>
			2020-05-18 05:06:53.806 %Sp LAPTOP-P7RN3F8A
			--- [LApi.App.main()] s.w.s.m.m.a.RequestMappingHandlerAdapter : Looking for @ControllerAdvice: org.springframework.boot.context.embedded.AnnotationConfigEmbeddedWebApplicationContext@4ef6ba91: startup date [Mon May 18 13:06:48 MST 2020]; root of context hierarchy
>
			2020-05-18 05:06:53.885 %Sp LAPTOP-P7RN3F8A
			--- [LApi.App.main()] s.w.s.m.m.a.RequestMappingHandlerMapping : Mapped "{[/error]}" onto public org.springframework.http.ResponseEntity<java.util.Map<java.lang.String, java.lang.Object>> org.springframework.boot.autoconfigure.web.BasicErrorController.error(javax.servlet.http.HttpServletRequest)
>
			2020-05-18 05:06:53.887 %Sp LAPTOP-P7RN3F8A
			--- [LApi.App.main()] s.w.s.m.m.a.RequestMappingHandlerMapping : Mapped "{[/error],produces=[text/html]}" onto public org.springframework.web.servlet.ModelAndView org.springframework.boot.autoconfigure.web.BasicErrorController.errorHtml(javax.servlet.http.HttpServletRequest)
>
			2020-05-18 05:06:53.911 %Sp LAPTOP-P7RN3F8A
			--- [LApi.App.main()] o.s.w.s.h.SimpleUrlHandlerMapping        : Mapped URL path [/webjars/**] onto handler of type [class org.springframework.web.servlet.resource.ResourceHttpRequestHandler]
>
			2020-05-18 05:06:53.914 %Sp LAPTOP-P7RN3F8A
			--- [LApi.App.main()] o.s.w.s.h.SimpleUrlHandlerMapping        : Mapped URL path [/**] onto handler of type [class org.springframework.web.servlet.resource.ResourceHttpRequestHandler]
>
			2020-05-18 05:06:53.961 %Sp LAPTOP-P7RN3F8A
			--- [LApi.App.main()] o.s.w.s.h.SimpleUrlHandlerMapping        : Mapped URL path [/**/favicon.ico] onto handler of type [class org.springframework.web.servlet.resource.ResourceHttpRequestHandler]
>
			2020-05-18 05:06:54.122 %Sp LAPTOP-P7RN3F8A
			--- [LApi.App.main()] o.s.j.e.a.AnnotationMBeanExporter        : Registering beans for JMX exposure on startup
>
			2020-05-18 05:06:54.155 %Sp LAPTOP-P7RN3F8A
			--- [LApi.App.main()] o.a.c.h.Http11NioProtocol                : Initializing ProtocolHandler ["http-nio-8080"]
>
			2020-05-18 05:06:54.162 %Sp LAPTOP-P7RN3F8A
			--- [LApi.App.main()] o.a.c.h.Http11NioProtocol                : Starting ProtocolHandler ["http-nio-8080"]
>
			2020-05-18 05:06:54.172 %Sp LAPTOP-P7RN3F8A
			--- [LApi.App.main()] o.a.t.u.n.NioSelectorPool                : Using a shared selector for servlet write/read
>
			2020-05-18 05:06:54.188 %Sp LAPTOP-P7RN3F8A
			--- [LApi.App.main()] s.b.c.e.t.TomcatEmbeddedServletContainer : Tomcat started on port(s): 8080 (http)
>
			2020-05-18 05:06:54.191 %Sp LAPTOP-P7RN3F8A
			--- [LApi.App.main()] c.R.R.App                                : Started App in 6.23 seconds (JVM running for 9.983)
